<?xml version="1.0" encoding="UTF-8"?>
<!-- Generated by org.testng.reporters.JUnitReportReporter -->
<testsuite hostname="Priyank-PC" failures="0" tests="1" name="MakeMyTrip.E2EProject.TestCase" time="10.923" errors="0" timestamp="2022-05-09T13:01:09 IST" skipped="0">
  <testcase classname="MakeMyTrip.E2EProject.TestCase" name="loginTest" time="10.923"/>
  <system-out/>
</testsuite> <!-- MakeMyTrip.E2EProject.TestCase -->
