<?xml version="1.0" encoding="UTF-8"?>
<!-- Generated by org.testng.reporters.JUnitReportReporter -->
<testsuite hostname="Priyank-PC" failures="0" tests="1" name="Portal.E2EProject.LinkDisplayed" time="2.686" errors="0" timestamp="2022-06-20T11:55:01 IST" skipped="0">
  <testcase classname="Portal.E2EProject.LinkDisplayed" name="LinkDisplayed" time="2.686"/>
  <system-out/>
</testsuite> <!-- Portal.E2EProject.LinkDisplayed -->
