<?xml version="1.0" encoding="UTF-8"?>
<!-- Generated by org.testng.reporters.JUnitReportReporter -->
<testsuite hostname="Priyank-PC" failures="0" tests="1" name="Portal.E2EProject.TestCase" time="8.600" errors="0" timestamp="2022-05-09T16:10:32 IST" skipped="0">
  <testcase classname="Portal.E2EProject.TestCase" name="loginTest" time="8.600"/>
  <system-out/>
</testsuite> <!-- Portal.E2EProject.TestCase -->
