<?xml version="1.0" encoding="UTF-8"?>
<!-- Generated by org.testng.reporters.JUnitReportReporter -->
<testsuite hostname="Priyank-PC" failures="0" tests="1" name="Portal.E2EProject.LinkDisplayed" time="91.592" errors="0" timestamp="2022-06-24T17:59:56 IST" skipped="0">
  <testcase classname="Portal.E2EProject.LinkDisplayed" name="LinkDisplayed" time="91.592"/>
  <system-out/>
</testsuite> <!-- Portal.E2EProject.LinkDisplayed -->
