<?xml version="1.0" encoding="UTF-8"?>
<!-- Generated by org.testng.reporters.JUnitReportReporter -->
<testsuite hostname="Priyank-PC" failures="0" tests="1" name="Portal.E2EProject.LinkDisplayed" time="3.019" errors="0" timestamp="2022-06-23T15:05:07 IST" skipped="0">
  <testcase classname="Portal.E2EProject.LinkDisplayed" name="LinkDisplayed" time="3.019"/>
  <system-out/>
</testsuite> <!-- Portal.E2EProject.LinkDisplayed -->
